This file contains any messages produced by compilers while
running configure, to aid debugging if configure makes a mistake.

It was created by qs configure 1.3, which was
generated by GNU Autoconf 2.69.  Invocation command line was

  $ ./configure 

## --------- ##
## Platform. ##
## --------- ##

hostname = Travers
uname -m = x86_64
uname -r = 4.4.0-17763-Microsoft
uname -s = Linux
uname -v = #379-Microsoft Wed Mar 06 19:16:00 PST 2019

/usr/bin/uname -p = unknown
/bin/uname -X     = unknown

/bin/arch              = unknown
/usr/bin/arch -k       = unknown
/usr/convex/getsysinfo = unknown
/usr/bin/hostinfo      = unknown
/bin/machine           = unknown
/usr/bin/oslevel       = unknown
/bin/universe          = unknown

PATH: /home/tching/bin
PATH: /home/tching/.local/bin
PATH: /usr/local/sbin
PATH: /usr/local/bin
PATH: /usr/sbin
PATH: /usr/bin
PATH: /sbin
PATH: /bin
PATH: /usr/games
PATH: /usr/local/games
PATH: /mnt/c/Rtools/bin
PATH: /mnt/c/Program Files (x86)/Common Files/Oracle/Java/javapath
PATH: /mnt/c/Program Files (x86)/NVIDIA Corporation/PhysX/Common
PATH: /mnt/c/Windows/System32
PATH: /mnt/c/Windows
PATH: /mnt/c/Windows/System32/wbem
PATH: /mnt/c/Windows/System32/WindowsPowerShell/v1.0
PATH: /mnt/c/Windows/System32/OpenSSH
PATH: /mnt/c/Program Files/Intel/WiFi/bin
PATH: /mnt/c/Program Files/Common Files/Intel/WirelessCommon
PATH: /mnt/c/Program Files (x86)/Streamlink/bin
PATH: /mnt/c/Users/traversc/AppData/Local/Microsoft/WindowsApps
PATH: /mnt/c/Users/traversc/AppData/Local/Programs/Microsoft VS Code/bin
PATH: /mnt/c/bin
PATH: /mnt/c/bin/platform-tools
PATH: /snap/bin


## ----------- ##
## Core tests. ##
## ----------- ##

configure:1707: checking for pkg-config
configure:1726: found /usr/bin/pkg-config
configure:1738: result: /usr/bin/pkg-config
configure:2125: creating ./config.status

## ---------------------- ##
## Running config.status. ##
## ---------------------- ##

This file was extended by qs config.status 1.3, which was
generated by GNU Autoconf 2.69.  Invocation command line was

  CONFIG_FILES    = 
  CONFIG_HEADERS  = 
  CONFIG_LINKS    = 
  CONFIG_COMMANDS = 
  $ ./config.status 

on Travers

config.status:716: creating src/Makevars

## ---------------- ##
## Cache variables. ##
## ---------------- ##

ac_cv_env_build_alias_set=
ac_cv_env_build_alias_value=
ac_cv_env_host_alias_set=
ac_cv_env_host_alias_value=
ac_cv_env_target_alias_set=
ac_cv_env_target_alias_value=
ac_cv_path_PKGCONF=/usr/bin/pkg-config

## ----------------- ##
## Output variables. ##
## ----------------- ##

COMPILE_STRING=''
DEFS='-DPACKAGE_NAME=\"qs\" -DPACKAGE_TARNAME=\"qs\" -DPACKAGE_VERSION=\"1.3\" -DPACKAGE_STRING=\"qs\ 1.3\" -DPACKAGE_BUGREPORT=\"traversc@gmail.com\" -DPACKAGE_URL=\"\"'
ECHO_C=''
ECHO_N='-n'
ECHO_T=''
INCLUDE_PATHS='-IZSTD -IZSTD/common -IZSTD/decompress -IZSTD/compress -ILZ4 -I/usr/local/include -I/usr/local/include'
LIBOBJS=''
LIBS='-L. -L/usr/local/lib -lzstd -L/usr/local/lib -llz4'
LTLIBOBJS=''
PACKAGE_BUGREPORT='traversc@gmail.com'
PACKAGE_NAME='qs'
PACKAGE_STRING='qs 1.3'
PACKAGE_TARNAME='qs'
PACKAGE_URL=''
PACKAGE_VERSION='1.3'
PATH_SEPARATOR=':'
PKGCONF='/usr/bin/pkg-config'
SHELL='/bin/bash'
bindir='${exec_prefix}/bin'
build_alias=''
datadir='${datarootdir}'
datarootdir='${prefix}/share'
docdir='${datarootdir}/doc/${PACKAGE_TARNAME}'
dvidir='${docdir}'
exec_prefix='${prefix}'
host_alias=''
htmldir='${docdir}'
includedir='${prefix}/include'
infodir='${datarootdir}/info'
libdir='${exec_prefix}/lib'
libexecdir='${exec_prefix}/libexec'
localedir='${datarootdir}/locale'
localstatedir='${prefix}/var'
mandir='${datarootdir}/man'
oldincludedir='/usr/include'
pdfdir='${docdir}'
prefix='/usr/local'
program_transform_name='s,x,x,'
psdir='${docdir}'
runstatedir='${localstatedir}/run'
sbindir='${exec_prefix}/sbin'
sharedstatedir='${prefix}/com'
sysconfdir='${prefix}/etc'
target_alias=''

## ----------- ##
## confdefs.h. ##
## ----------- ##

/* confdefs.h */
#define PACKAGE_NAME "qs"
#define PACKAGE_TARNAME "qs"
#define PACKAGE_VERSION "1.3"
#define PACKAGE_STRING "qs 1.3"
#define PACKAGE_BUGREPORT "traversc@gmail.com"
#define PACKAGE_URL ""

configure: exit 0
